<?xml version="1.0" encoding="UTF-8"?>
<!-- Generated by org.testng.reporters.JUnitReportReporter -->
<testsuite skipped="0" hostname="L505613" name="com.qa.SeleniumBasics.PageTest.FreshworksSignUpPage" tests="2" failures="0" timestamp="06 Jun 2021 15:17:29 GMT" time="0.021" errors="0">
  <testcase name="getTitleTest" time="0.021" classname="com.qa.SeleniumBasics.PageTest.FreshworksSignUpPage"/>
  <testcase name="getURLTest" time="0.000" classname="com.qa.SeleniumBasics.PageTest.FreshworksSignUpPage"/>
</testsuite> <!-- com.qa.SeleniumBasics.PageTest.FreshworksSignUpPage -->
