<?xml version="1.0" encoding="UTF-8"?>
<!-- Generated by org.testng.reporters.JUnitReportReporter -->
<testsuite skipped="0" hostname="L505613" name="com.qa.SeleniumBasics.PageTest.freshWorksRegisterPageTest" tests="3" failures="0" timestamp="30 May 2021 12:42:44 GMT" time="11.777" errors="0">
  <testcase name="enterRegisterdata" time="0.630" classname="com.qa.SeleniumBasics.PageTest.freshWorksRegisterPageTest"/>
  <testcase name="enterRegisterdata" time="4.705" classname="com.qa.SeleniumBasics.PageTest.freshWorksRegisterPageTest"/>
  <testcase name="enterRegisterdata" time="6.442" classname="com.qa.SeleniumBasics.PageTest.freshWorksRegisterPageTest"/>
</testsuite> <!-- com.qa.SeleniumBasics.PageTest.freshWorksRegisterPageTest -->
