<?xml version="1.0" encoding="UTF-8"?>
<!-- Generated by org.testng.reporters.JUnitReportReporter -->
<testsuite skipped="0" hostname="L505613" name="parallelExecution.parallelTesting" tests="2" failures="0" timestamp="03 Jul 2021 12:53:36 GMT" time="4.920" errors="0">
  <testcase name="doLoginTest" time="2.897" classname="parallelExecution.parallelTesting"/>
  <testcase name="doLoginTest" time="2.023" classname="parallelExecution.parallelTesting"/>
</testsuite> <!-- parallelExecution.parallelTesting -->
